

***********************************************************************
Fatal NI connect error 12514, connecting to:
 (DESCRIPTION=(CONNECT_DATA=(SERVICE_NAME=192.168.4.61)(CID=(PROGRAM=E:\Program Files\Sybase\PowerDesigner 15\pdshell15.exe)(HOST=YANGYANG)(USER=YY)))(ADDRESS=(PROTOCOL=TCP)(HOST=192.168.4.61)(PORT=1521)))

  VERSION INFORMATION:
	TNS for 32-bit Windows: Version 10.2.0.1.0 - Production
	Windows NT TCP/IP NT Protocol Adapter for 32-bit Windows: Version 10.2.0.1.0 - Production
  Time: 19-4月 -2010 17:02:48
  Tracing not turned on.
  Tns error struct:
    ns main err code: 12564
    TNS-12564: TNS: 拒绝连接
    ns secondary err code: 0
    nt main err code: 0
    nt secondary err code: 0
    nt OS err code: 0


***********************************************************************
Fatal NI connect error 12514, connecting to:
 (DESCRIPTION=(CONNECT_DATA=(SERVICE_NAME=192.168.4.61)(CID=(PROGRAM=E:\Program Files\Sybase\PowerDesigner 15\pdshell15.exe)(HOST=YANGYANG)(USER=YY)))(ADDRESS=(PROTOCOL=TCP)(HOST=192.168.4.61)(PORT=1521)))

  VERSION INFORMATION:
	TNS for 32-bit Windows: Version 10.2.0.1.0 - Production
	Windows NT TCP/IP NT Protocol Adapter for 32-bit Windows: Version 10.2.0.1.0 - Production
  Time: 19-4月 -2010 17:03:04
  Tracing not turned on.
  Tns error struct:
    ns main err code: 12564
    TNS-12564: TNS: 拒绝连接
    ns secondary err code: 0
    nt main err code: 0
    nt secondary err code: 0
    nt OS err code: 0


***********************************************************************
Fatal NI connect error 12514, connecting to:
 (DESCRIPTION=(CONNECT_DATA=(SERVICE_NAME=192.168.4.61)(CID=(PROGRAM=E:\Program Files\Sybase\PowerDesigner 15\pdshell15.exe)(HOST=YANGYANG)(USER=YY)))(ADDRESS=(PROTOCOL=TCP)(HOST=192.168.4.61)(PORT=1521)))

  VERSION INFORMATION:
	TNS for 32-bit Windows: Version 10.2.0.1.0 - Production
	Windows NT TCP/IP NT Protocol Adapter for 32-bit Windows: Version 10.2.0.1.0 - Production
  Time: 19-4月 -2010 17:03:44
  Tracing not turned on.
  Tns error struct:
    ns main err code: 12564
    TNS-12564: TNS: 拒绝连接
    ns secondary err code: 0
    nt main err code: 0
    nt secondary err code: 0
    nt OS err code: 0
